{"name": "test_popular[data-code0]", "status": "failed", "statusDetails": {"message": "AssertionError: assert 1 == 'code'", "trace": "login = '7NPZMsDsnIIMBI7shC0AYeeBzPjPvB8PbKdEE+j+H0iubPJxtGs5dDP4Ze178yW5'\nparams = 'data', check = 'code'\n\n    @pytest.mark.parametrize(\"params,check\", data)\n    def test_popular(login,params,check):\n        # params=params[\"type\"]\n        # print(params)\n        params=params\n        print(params)\n        print(check)\n        print(\"222222222\")\n        print(login)\n        header[\"authorization\"] = login\n        print(params)\n        print(url1)\n        print(header)\n        logger1.logger.info(\"当前url:\" + url1)\n        # url=\"http://api.molelive.com/api/content/index/all\"\n        logger1.logger.info(\"当前的测试参数\"+str(params))\n        # print(pams)\n        r1=request1.request(url1,headers=header,params=params,http_method=\"get\",timeout=5,verify=False)\n        # r1=requests.get(url1,params=params,headers=header)\n        # logger1.logger.info(r1[\"body\"])\n        logger1.logger.info(\"当前的返回结果\" + str(r1))\n        print(r1)\n>       assert r1[\"body\"][\"code\"] == check\nE       AssertionError: assert 1 == 'code'\n\ntest_popular.py:84: AssertionError"}, "attachments": [{"name": "log", "source": "69827545-0ffc-406d-86dd-f16d26578df2-attachment.txt", "type": "text/plain"}], "parameters": [{"name": "params", "value": "'data'"}, {"name": "check", "value": "'code'"}], "start": 1639742066444, "stop": 1639742067617, "uuid": "c978ad45-be7e-4c0d-a4da-b3a1c3d9d622", "historyId": "5b7f7ebdff8a5a419a17017d71050f80", "testCaseId": "e782efbbe0a08f019148996912e5ca9a", "fullName": "testcase.test_popular#test_popular", "labels": [{"name": "parentSuite", "value": "testcase"}, {"name": "suite", "value": "test_popular"}, {"name": "host", "value": "CYHD-L-0025"}, {"name": "thread", "value": "12304-MainThread"}, {"name": "framework", "value": "pytest"}, {"name": "language", "value": "cpython3"}, {"name": "package", "value": "testcase.test_popular"}]}